[14:25:30] [INIT] KubeJS 2001.6.5-build.16; MC 2001 forge
[14:25:30] [INIT] Loaded plugins:
[14:25:30] [INIT] - dev.latvian.mods.kubejs.forge.BuiltinKubeJSForgePlugin
[14:25:30] [INIT] - dev.latvian.mods.kubejs.forge.BuiltinKubeJSForgeClientPlugin
[14:25:30] [INIT] - com.bobvaraioa.kubejspowah.KubeJSPowahPlugin
[14:25:30] [INIT] - dev.ftb.mods.ftbxmodcompat.ftbquests.kubejs.KubeJSIntegration
[14:25:30] [INIT] - dev.ftb.mods.ftbxmodcompat.ftbchunks.kubejs.FTBChunksKubeJSPlugin
[14:25:30] [INIT] - dev.ftb.mods.ftbxmodcompat.ftbteams.kubejs.FTBTeamsKubeJSPlugin
[14:25:30] [INIT] - com.blakebr0.cucumber.compat.kubejs.CucumberKubeJSPlugin
[14:25:31] [INFO] Loaded script server_scripts:144craft.js in 0.002 s
[14:25:31] [INFO] Loaded script server_scripts:ae2.js in 0.0 s
[14:25:31] [INFO] Loaded script server_scripts:iceandfire.js in 0.001 s
[14:25:31] [INFO] Loaded script server_scripts:Mekanism recipes.js in 0.001 s
[14:25:31] [INFO] Loaded 4/4 KubeJS server scripts in 0.008 s with 0 errors and 0 warnings
[14:25:31] [INFO] Scripts loaded
[14:25:31] [INFO] Initializing recipe event...
[14:25:33] [INFO] [minecraft:block] Found 1612 tags, added 2 objects, removed 0 objects
[14:25:33] [INFO] [minecraft:item] Found 2686 tags, added 4 objects, removed 0 objects
[14:25:36] [INFO] Processing recipes...
[14:25:36] [WARN] Failed to parse recipe 'deeperdarker:resonarium_hoe_smithing[minecraft:smithing_transform]'! Falling back to vanilla: Ingredient 'template' can't be empty!
[14:25:36] [WARN] Failed to parse recipe 'allthecompressed:decompress/vibranium_allthemodium_alloy_block_1x[minecraft:crafting_shapeless]'! Falling back to vanilla: ItemStack 'result' can't be empty!
[14:25:36] [WARN] Failed to parse recipe 'deeperdarker:resonarium_helmet_smithing[minecraft:smithing_transform]'! Falling back to vanilla: Ingredient 'template' can't be empty!
[14:25:36] [WARN] Failed to parse recipe 'mekaweapons:module_arrowvelocity_unit[minecraft:crafting_shaped]'! Falling back to vanilla: ItemStack 'result' can't be empty!
[14:25:36] [WARN] Failed to parse recipe 'create_things_and_misc:schematic_chair[minecraft:crafting_shaped]'! Falling back to vanilla: ItemStack 'result' can't be empty!
[14:25:36] [WARN] Failed to parse recipe 'allthecompressed:decompress/dark_steel_block_1x[minecraft:crafting_shapeless]'! Falling back to vanilla: ItemStack 'result' can't be empty!
[14:25:36] [WARN] Failed to parse recipe 'deeperdarker:resonarium_pickaxe_smithing[minecraft:smithing_transform]'! Falling back to vanilla: Ingredient 'template' can't be empty!
[14:25:36] [WARN] Failed to parse recipe 'allthecompressed:decompress/soularium_block_1x[minecraft:crafting_shapeless]'! Falling back to vanilla: ItemStack 'result' can't be empty!
[14:25:36] [WARN] Failed to parse recipe 'deeperdarker:resonarium_shovel_smithing[minecraft:smithing_transform]'! Falling back to vanilla: Ingredient 'template' can't be empty!
[14:25:36] [WARN] Failed to parse recipe 'allthecompressed:decompress/unobtainium_vibranium_alloy_block_1x[minecraft:crafting_shapeless]'! Falling back to vanilla: ItemStack 'result' can't be empty!
[14:25:36] [WARN] Failed to parse recipe 'allthecompressed:decompress/unobtainium_allthemodium_alloy_block_1x[minecraft:crafting_shapeless]'! Falling back to vanilla: ItemStack 'result' can't be empty!
[14:25:36] [WARN] Failed to parse recipe 'deeperdarker:resonarium_boots_smithing[minecraft:smithing_transform]'! Falling back to vanilla: Ingredient 'template' can't be empty!
[14:25:36] [WARN] Failed to parse recipe 'allthecompressed:decompress/ancient_stone_1x[minecraft:crafting_shapeless]'! Falling back to vanilla: ItemStack 'result' can't be empty!
[14:25:36] [WARN] Failed to parse recipe 'allthecompressed:decompress/vibrant_alloy_block_1x[minecraft:crafting_shapeless]'! Falling back to vanilla: ItemStack 'result' can't be empty!
[14:25:36] [WARN] Failed to parse recipe 'allthecompressed:decompress/conductive_alloy_block_1x[minecraft:crafting_shapeless]'! Falling back to vanilla: ItemStack 'result' can't be empty!
[14:25:36] [WARN] Failed to parse recipe 'allthecompressed:decompress/unobtainium_block_1x[minecraft:crafting_shapeless]'! Falling back to vanilla: ItemStack 'result' can't be empty!
[14:25:36] [WARN] Failed to parse recipe 'deeperdarker:resonarium_sword_smithing[minecraft:smithing_transform]'! Falling back to vanilla: Ingredient 'template' can't be empty!
[14:25:36] [WARN] Failed to parse recipe 'allthecompressed:decompress/redstone_alloy_block_1x[minecraft:crafting_shapeless]'! Falling back to vanilla: ItemStack 'result' can't be empty!
[14:25:36] [WARN] Failed to parse recipe 'create_things_and_misc:netheriteportablewithlecraft[minecraft:smithing_transform]'! Falling back to vanilla: Ingredient 'template' can't be empty!
[14:25:36] [WARN] Failed to parse recipe 'allthecompressed:decompress/copper_alloy_block_1x[minecraft:crafting_shapeless]'! Falling back to vanilla: ItemStack 'result' can't be empty!
[14:25:36] [WARN] Failed to parse recipe 'deeperdarker:resonarium_leggings_smithing[minecraft:smithing_transform]'! Falling back to vanilla: Ingredient 'template' can't be empty!
[14:25:36] [WARN] Failed to parse recipe 'allthecompressed:decompress/energetic_alloy_block_1x[minecraft:crafting_shapeless]'! Falling back to vanilla: ItemStack 'result' can't be empty!
[14:25:36] [WARN] Failed to parse recipe 'deeperdarker:resonarium_chestplate_smithing[minecraft:smithing_transform]'! Falling back to vanilla: Ingredient 'template' can't be empty!
[14:25:36] [WARN] Failed to parse recipe 'deeperdarker:resonarium_axe_smithing[minecraft:smithing_transform]'! Falling back to vanilla: Ingredient 'template' can't be empty!
[14:25:36] [WARN] Failed to parse recipe 'create_things_and_misc:copper_scaffolding_craft[minecraft:crafting_shaped]'! Falling back to vanilla: ItemStack 'result' can't be empty!
[14:25:36] [WARN] Failed to parse recipe 'allthecompressed:decompress/allthemodium_block_1x[minecraft:crafting_shapeless]'! Falling back to vanilla: ItemStack 'result' can't be empty!
[14:25:36] [WARN] Failed to parse recipe 'allthecompressed:decompress/blaze_block_1x[minecraft:crafting_shapeless]'! Falling back to vanilla: ItemStack 'result' can't be empty!
[14:25:36] [WARN] Failed to parse recipe 'allthecompressed:decompress/ancient_log_0_1x[minecraft:crafting_shapeless]'! Falling back to vanilla: ItemStack 'result' can't be empty!
[14:25:36] [WARN] Failed to parse recipe 'allthecompressed:decompress/pulsating_alloy_block_1x[minecraft:crafting_shapeless]'! Falling back to vanilla: ItemStack 'result' can't be empty!
[14:25:36] [WARN] Failed to parse recipe 'allthecompressed:decompress/end_steel_block_1x[minecraft:crafting_shapeless]'! Falling back to vanilla: ItemStack 'result' can't be empty!
[14:25:36] [WARN] Failed to parse recipe 'allthecompressed:decompress/vibranium_block_1x[minecraft:crafting_shapeless]'! Falling back to vanilla: ItemStack 'result' can't be empty!
[14:25:36] [INFO] Found 26907 recipes in 250.9 ms
[14:25:36] [INFO] Posted recipe events in 18.82 ms
[14:25:36] [WARN] Error parsing recipe allthecompressed:compress/end_steel_block_1x[minecraft:crafting_shaped]: {"type":"minecraft:crafting_shaped","category":"building","key":{},"pattern":["   ","   ","   "],"result":{"item":"allthecompressed:end_steel_block_1x"},"show_notification":true}: Index 0 out of bounds for length 0
[14:25:36] [WARN] Error parsing recipe allthecompressed:decompress/vibrant_alloy_block_1x[minecraft:crafting_shapeless]: {"type":"minecraft:crafting_shapeless","category":"building","ingredients":[{"item":"allthecompressed:vibrant_alloy_block_1x"}],"result":{"count":9,"item":"enderio:vibrant_alloy_block"}}: Unknown item 'enderio:vibrant_alloy_block'
[14:25:36] [WARN] Error parsing recipe allthecompressed:compress/blaze_block_1x[minecraft:crafting_shaped]: {"type":"minecraft:crafting_shaped","category":"building","key":{},"pattern":["   ","   ","   "],"result":{"item":"allthecompressed:blaze_block_1x"},"show_notification":true}: Index 0 out of bounds for length 0
[14:25:36] [WARN] Error parsing recipe allthecompressed:decompress/blaze_block_1x[minecraft:crafting_shapeless]: {"type":"minecraft:crafting_shapeless","category":"building","ingredients":[{"item":"allthecompressed:blaze_block_1x"}],"result":{"count":9,"item":"botania:blaze_block"}}: Unknown item 'botania:blaze_block'
[14:25:36] [WARN] Error parsing recipe allthecompressed:compress/redstone_alloy_block_1x[minecraft:crafting_shaped]: {"type":"minecraft:crafting_shaped","category":"building","key":{},"pattern":["   ","   ","   "],"result":{"item":"allthecompressed:redstone_alloy_block_1x"},"show_notification":true}: Index 0 out of bounds for length 0
[14:25:36] [WARN] Error parsing recipe allthecompressed:decompress/end_steel_block_1x[minecraft:crafting_shapeless]: {"type":"minecraft:crafting_shapeless","category":"building","ingredients":[{"item":"allthecompressed:end_steel_block_1x"}],"result":{"count":9,"item":"enderio:end_steel_block"}}: Unknown item 'enderio:end_steel_block'
[14:25:36] [WARN] Error parsing recipe allthecompressed:compress/vibrant_alloy_block_1x[minecraft:crafting_shaped]: {"type":"minecraft:crafting_shaped","category":"building","key":{},"pattern":["   ","   ","   "],"result":{"item":"allthecompressed:vibrant_alloy_block_1x"},"show_notification":true}: Index 0 out of bounds for length 0
[14:25:36] [WARN] Error parsing recipe allthecompressed:decompress/energetic_alloy_block_1x[minecraft:crafting_shapeless]: {"type":"minecraft:crafting_shapeless","category":"building","ingredients":[{"item":"allthecompressed:energetic_alloy_block_1x"}],"result":{"count":9,"item":"enderio:energetic_alloy_block"}}: Unknown item 'enderio:energetic_alloy_block'
[14:25:36] [WARN] Error parsing recipe allthecompressed:compress/vibranium_block_1x[minecraft:crafting_shaped]: {"type":"minecraft:crafting_shaped","category":"building","key":{},"pattern":["   ","   ","   "],"result":{"item":"allthecompressed:vibranium_block_1x"},"show_notification":true}: Index 0 out of bounds for length 0
[14:25:36] [WARN] Error parsing recipe allthecompressed:decompress/conductive_alloy_block_1x[minecraft:crafting_shapeless]: {"type":"minecraft:crafting_shapeless","category":"building","ingredients":[{"item":"allthecompressed:conductive_alloy_block_1x"}],"result":{"count":9,"item":"enderio:conductive_alloy_block"}}: Unknown item 'enderio:conductive_alloy_block'
[14:25:36] [WARN] Error parsing recipe allthecompressed:decompress/unobtainium_block_1x[minecraft:crafting_shapeless]: {"type":"minecraft:crafting_shapeless","category":"building","ingredients":[{"item":"allthecompressed:unobtainium_block_1x"}],"result":{"count":9,"item":"allthemodium:unobtainium_block"}}: Unknown item 'allthemodium:unobtainium_block'
[14:25:36] [WARN] Error parsing recipe allthecompressed:compress/soularium_block_1x[minecraft:crafting_shaped]: {"type":"minecraft:crafting_shaped","category":"building","key":{},"pattern":["   ","   ","   "],"result":{"item":"allthecompressed:soularium_block_1x"},"show_notification":true}: Index 0 out of bounds for length 0
[14:25:36] [WARN] Error parsing recipe allthecompressed:compress/ancient_log_0_1x[minecraft:crafting_shaped]: {"type":"minecraft:crafting_shaped","category":"building","key":{},"pattern":["   ","   ","   "],"result":{"item":"allthecompressed:ancient_log_0_1x"},"show_notification":true}: Index 0 out of bounds for length 0
[14:25:36] [WARN] Error parsing recipe allthecompressed:decompress/unobtainium_allthemodium_alloy_block_1x[minecraft:crafting_shapeless]: {"type":"minecraft:crafting_shapeless","category":"building","ingredients":[{"item":"allthecompressed:unobtainium_allthemodium_alloy_block_1x"}],"result":{"count":9,"item":"allthemodium:unobtainium_allthemodium_alloy_block"}}: Unknown item 'allthemodium:unobtainium_allthemodium_alloy_block'
[14:25:36] [WARN] Error parsing recipe allthecompressed:decompress/copper_alloy_block_1x[minecraft:crafting_shapeless]: {"type":"minecraft:crafting_shapeless","category":"building","ingredients":[{"item":"allthecompressed:copper_alloy_block_1x"}],"result":{"count":9,"item":"enderio:copper_alloy_block"}}: Unknown item 'enderio:copper_alloy_block'
[14:25:36] [WARN] Error parsing recipe allthecompressed:decompress/ancient_log_0_1x[minecraft:crafting_shapeless]: {"type":"minecraft:crafting_shapeless","category":"building","ingredients":[{"item":"allthecompressed:ancient_log_0_1x"}],"result":{"count":9,"item":"allthemodium:ancient_log_0"}}: Unknown item 'allthemodium:ancient_log_0'
[14:25:36] [WARN] Error parsing recipe create_things_and_misc:copper_scaffolding_craft[minecraft:crafting_shaped]: {"type":"minecraft:crafting_shaped","category":"misc","pattern":["012","3 5","6 8"],"key":{"0":{"tag":"forge:ingots/copper"},"1":{"item":"minecraft:string"},"2":{"tag":"forge:ingots/copper"},"3":{"tag":"forge:ingots/copper"},"5":{"tag":"forge:ingots/copper"},"6":{"tag":"forge:ingots/copper"},"8":{"tag":"forge:ingots/copper"}},"result":{"item":"create_things_and_misc:deleted_mod_element","count":6}}: Unknown item 'create_things_and_misc:deleted_mod_element'
[14:25:36] [WARN] Error parsing recipe thermal:furnace/allthecompressed/stone/deepslate/9x[thermal:furnace]: {"type":"thermal:furnace","ingredient":{"item":"allthecompressed:cobbled_deepslate_block_9x","count":1},"result":{"item":"allthecompressed:deepslate_block_9x"},"energy":2400000,"conditions":[{"type":"forge:and","values":[{"type":"forge:not","value":{"type":"forge:mod_loaded","modid":"compressium"}},{"type":"forge:mod_loaded","modid":"thermal"}]}]}: Invalid Thermal Series recipe: thermal:furnace/allthecompressed/stone/deepslate/9x
Refer to the recipe's ResourceLocation to find the mod responsible and let them know!
[14:25:36] [WARN] Error parsing recipe allthecompressed:decompress/allthemodium_block_1x[minecraft:crafting_shapeless]: {"type":"minecraft:crafting_shapeless","category":"building","ingredients":[{"item":"allthecompressed:allthemodium_block_1x"}],"result":{"count":9,"item":"allthemodium:allthemodium_block"}}: Unknown item 'allthemodium:allthemodium_block'
[14:25:36] [WARN] Error parsing recipe allthecompressed:compress/ancient_stone_1x[minecraft:crafting_shaped]: {"type":"minecraft:crafting_shaped","category":"building","key":{},"pattern":["   ","   ","   "],"result":{"item":"allthecompressed:ancient_stone_1x"},"show_notification":true}: Index 0 out of bounds for length 0
[14:25:36] [WARN] Error parsing recipe thermal:furnace/allthecompressed/terracotta/1x[thermal:furnace]: {"type":"thermal:furnace","ingredient":{"item":"allthecompressed:clay_block_1x","count":1},"result":{"item":"allthecompressed:terracotta_block_1x"},"energy":240000,"conditions":[{"type":"forge:and","values":[{"type":"forge:not","value":{"type":"forge:mod_loaded","modid":"compressium"}},{"type":"forge:mod_loaded","modid":"thermal"}]}]}: Invalid Thermal Series recipe: thermal:furnace/allthecompressed/terracotta/1x
Refer to the recipe's ResourceLocation to find the mod responsible and let them know!
[14:25:36] [WARN] Error parsing recipe thermal:furnace/allthecompressed/stone/deepslate/1x[thermal:furnace]: {"type":"thermal:furnace","ingredient":{"item":"allthecompressed:cobbled_deepslate_block_1x","count":1},"result":{"item":"allthecompressed:deepslate_block_1x"},"energy":240000,"conditions":[{"type":"forge:and","values":[{"type":"forge:not","value":{"type":"forge:mod_loaded","modid":"compressium"}},{"type":"forge:mod_loaded","modid":"thermal"}]}]}: Invalid Thermal Series recipe: thermal:furnace/allthecompressed/stone/deepslate/1x
Refer to the recipe's ResourceLocation to find the mod responsible and let them know!
[14:25:36] [WARN] Error parsing recipe allthecompressed:decompress/pulsating_alloy_block_1x[minecraft:crafting_shapeless]: {"type":"minecraft:crafting_shapeless","category":"building","ingredients":[{"item":"allthecompressed:pulsating_alloy_block_1x"}],"result":{"count":9,"item":"enderio:pulsating_alloy_block"}}: Unknown item 'enderio:pulsating_alloy_block'
[14:25:36] [WARN] Error parsing recipe allthecompressed:decompress/soularium_block_1x[minecraft:crafting_shapeless]: {"type":"minecraft:crafting_shapeless","category":"building","ingredients":[{"item":"allthecompressed:soularium_block_1x"}],"result":{"count":9,"item":"enderio:soularium_block"}}: Unknown item 'enderio:soularium_block'
[14:25:36] [WARN] Error parsing recipe thermal:furnace/allthecompressed/stone/deepslate/2x[thermal:furnace]: {"type":"thermal:furnace","ingredient":{"item":"allthecompressed:cobbled_deepslate_block_2x","count":1},"result":{"item":"allthecompressed:deepslate_block_2x"},"energy":480000,"conditions":[{"type":"forge:and","values":[{"type":"forge:not","value":{"type":"forge:mod_loaded","modid":"compressium"}},{"type":"forge:mod_loaded","modid":"thermal"}]}]}: Invalid Thermal Series recipe: thermal:furnace/allthecompressed/stone/deepslate/2x
Refer to the recipe's ResourceLocation to find the mod responsible and let them know!
[14:25:36] [WARN] Error parsing recipe thermal:furnace/allthecompressed/terracotta/2x[thermal:furnace]: {"type":"thermal:furnace","ingredient":{"item":"allthecompressed:clay_block_2x","count":1},"result":{"item":"allthecompressed:terracotta_block_2x"},"energy":480000,"conditions":[{"type":"forge:and","values":[{"type":"forge:not","value":{"type":"forge:mod_loaded","modid":"compressium"}},{"type":"forge:mod_loaded","modid":"thermal"}]}]}: Invalid Thermal Series recipe: thermal:furnace/allthecompressed/terracotta/2x
Refer to the recipe's ResourceLocation to find the mod responsible and let them know!
[14:25:36] [WARN] Error parsing recipe allthecompressed:compress/unobtainium_allthemodium_alloy_block_1x[minecraft:crafting_shaped]: {"type":"minecraft:crafting_shaped","category":"building","key":{},"pattern":["   ","   ","   "],"result":{"item":"allthecompressed:unobtainium_allthemodium_alloy_block_1x"},"show_notification":true}: Index 0 out of bounds for length 0
[14:25:36] [WARN] Error parsing recipe allthecompressed:decompress/redstone_alloy_block_1x[minecraft:crafting_shapeless]: {"type":"minecraft:crafting_shapeless","category":"building","ingredients":[{"item":"allthecompressed:redstone_alloy_block_1x"}],"result":{"count":9,"item":"enderio:redstone_alloy_block"}}: Unknown item 'enderio:redstone_alloy_block'
[14:25:36] [WARN] Error parsing recipe thermal:furnace/allthecompressed/stone/deepslate/3x[thermal:furnace]: {"type":"thermal:furnace","ingredient":{"item":"allthecompressed:cobbled_deepslate_block_3x","count":1},"result":{"item":"allthecompressed:deepslate_block_3x"},"energy":720000,"conditions":[{"type":"forge:and","values":[{"type":"forge:not","value":{"type":"forge:mod_loaded","modid":"compressium"}},{"type":"forge:mod_loaded","modid":"thermal"}]}]}: Invalid Thermal Series recipe: thermal:furnace/allthecompressed/stone/deepslate/3x
Refer to the recipe's ResourceLocation to find the mod responsible and let them know!
[14:25:36] [WARN] Error parsing recipe allthecompressed:decompress/dark_steel_block_1x[minecraft:crafting_shapeless]: {"type":"minecraft:crafting_shapeless","category":"building","ingredients":[{"item":"allthecompressed:dark_steel_block_1x"}],"result":{"count":9,"item":"enderio:dark_steel_block"}}: Unknown item 'enderio:dark_steel_block'
[14:25:36] [WARN] Error parsing recipe create_things_and_misc:schematic_chair[minecraft:crafting_shaped]: {"type":"minecraft:crafting_shaped","category":"misc","pattern":["012"," 4 "],"key":{"0":{"tag":"minecraft:wooden_slabs"},"1":{"tag":"minecraft:wooden_slabs"},"2":{"tag":"minecraft:wooden_slabs"},"4":{"item":"minecraft:smooth_stone"}},"result":{"item":"create_things_and_misc:deleted_mod_element","count":1}}: Unknown item 'create_things_and_misc:deleted_mod_element'
[14:25:36] [WARN] Error parsing recipe allthecompressed:compress/unobtainium_block_1x[minecraft:crafting_shaped]: {"type":"minecraft:crafting_shaped","category":"building","key":{},"pattern":["   ","   ","   "],"result":{"item":"allthecompressed:unobtainium_block_1x"},"show_notification":true}: Index 0 out of bounds for length 0
[14:25:36] [WARN] Error parsing recipe thermal:furnace/allthecompressed/stone/deepslate/5x[thermal:furnace]: {"type":"thermal:furnace","ingredient":{"item":"allthecompressed:cobbled_deepslate_block_5x","count":1},"result":{"item":"allthecompressed:deepslate_block_5x"},"energy":1200000,"conditions":[{"type":"forge:and","values":[{"type":"forge:not","value":{"type":"forge:mod_loaded","modid":"compressium"}},{"type":"forge:mod_loaded","modid":"thermal"}]}]}: Invalid Thermal Series recipe: thermal:furnace/allthecompressed/stone/deepslate/5x
Refer to the recipe's ResourceLocation to find the mod responsible and let them know!
[14:25:36] [WARN] Error parsing recipe thermal:furnace/allthecompressed/terracotta/5x[thermal:furnace]: {"type":"thermal:furnace","ingredient":{"item":"allthecompressed:clay_block_5x","count":1},"result":{"item":"allthecompressed:terracotta_block_5x"},"energy":1200000,"conditions":[{"type":"forge:and","values":[{"type":"forge:not","value":{"type":"forge:mod_loaded","modid":"compressium"}},{"type":"forge:mod_loaded","modid":"thermal"}]}]}: Invalid Thermal Series recipe: thermal:furnace/allthecompressed/terracotta/5x
Refer to the recipe's ResourceLocation to find the mod responsible and let them know!
[14:25:36] [WARN] Error parsing recipe allthecompressed:compress/energetic_alloy_block_1x[minecraft:crafting_shaped]: {"type":"minecraft:crafting_shaped","category":"building","key":{},"pattern":["   ","   ","   "],"result":{"item":"allthecompressed:energetic_alloy_block_1x"},"show_notification":true}: Index 0 out of bounds for length 0
[14:25:36] [WARN] Error parsing recipe thermal:furnace/allthecompressed/stone/deepslate/4x[thermal:furnace]: {"type":"thermal:furnace","ingredient":{"item":"allthecompressed:cobbled_deepslate_block_4x","count":1},"result":{"item":"allthecompressed:deepslate_block_4x"},"energy":960000,"conditions":[{"type":"forge:and","values":[{"type":"forge:not","value":{"type":"forge:mod_loaded","modid":"compressium"}},{"type":"forge:mod_loaded","modid":"thermal"}]}]}: Invalid Thermal Series recipe: thermal:furnace/allthecompressed/stone/deepslate/4x
Refer to the recipe's ResourceLocation to find the mod responsible and let them know!
[14:25:36] [WARN] Error parsing recipe thermal:furnace/allthecompressed/terracotta/6x[thermal:furnace]: {"type":"thermal:furnace","ingredient":{"item":"allthecompressed:clay_block_6x","count":1},"result":{"item":"allthecompressed:terracotta_block_6x"},"energy":1440000,"conditions":[{"type":"forge:and","values":[{"type":"forge:not","value":{"type":"forge:mod_loaded","modid":"compressium"}},{"type":"forge:mod_loaded","modid":"thermal"}]}]}: Invalid Thermal Series recipe: thermal:furnace/allthecompressed/terracotta/6x
Refer to the recipe's ResourceLocation to find the mod responsible and let them know!
[14:25:36] [WARN] Error parsing recipe allthecompressed:decompress/vibranium_block_1x[minecraft:crafting_shapeless]: {"type":"minecraft:crafting_shapeless","category":"building","ingredients":[{"item":"allthecompressed:vibranium_block_1x"}],"result":{"count":9,"item":"allthemodium:vibranium_block"}}: Unknown item 'allthemodium:vibranium_block'
[14:25:36] [WARN] Error parsing recipe thermal:furnace/allthecompressed/stone/deepslate/6x[thermal:furnace]: {"type":"thermal:furnace","ingredient":{"item":"allthecompressed:cobbled_deepslate_block_6x","count":1},"result":{"item":"allthecompressed:deepslate_block_6x"},"energy":1440000,"conditions":[{"type":"forge:and","values":[{"type":"forge:not","value":{"type":"forge:mod_loaded","modid":"compressium"}},{"type":"forge:mod_loaded","modid":"thermal"}]}]}: Invalid Thermal Series recipe: thermal:furnace/allthecompressed/stone/deepslate/6x
Refer to the recipe's ResourceLocation to find the mod responsible and let them know!
[14:25:36] [WARN] Error parsing recipe mekaweapons:module_arrowvelocity_unit[minecraft:crafting_shaped]: {"type":"minecraft:crafting_shaped","result":{"item":"mekaweapons:module_arrowvelocity_unit"},"pattern":["sbs","ama","ppp"],"key":{"m":{"item":"mekanism:module_base"},"p":{"item":"mekanism:pellet_polonium"},"b":{"item":"minecraft:arrow"},"a":{"item":"mekanism:alloy_reinforced"},"s":{"item":"mekanism:upgrade_speed"}}}: Unknown item 'mekaweapons:module_arrowvelocity_unit'
[14:25:36] [WARN] Error parsing recipe thermal:furnace/allthecompressed/terracotta/3x[thermal:furnace]: {"type":"thermal:furnace","ingredient":{"item":"allthecompressed:clay_block_3x","count":1},"result":{"item":"allthecompressed:terracotta_block_3x"},"energy":720000,"conditions":[{"type":"forge:and","values":[{"type":"forge:not","value":{"type":"forge:mod_loaded","modid":"compressium"}},{"type":"forge:mod_loaded","modid":"thermal"}]}]}: Invalid Thermal Series recipe: thermal:furnace/allthecompressed/terracotta/3x
Refer to the recipe's ResourceLocation to find the mod responsible and let them know!
[14:25:36] [WARN] Error parsing recipe allthecompressed:decompress/unobtainium_vibranium_alloy_block_1x[minecraft:crafting_shapeless]: {"type":"minecraft:crafting_shapeless","category":"building","ingredients":[{"item":"allthecompressed:unobtainium_vibranium_alloy_block_1x"}],"result":{"count":9,"item":"allthemodium:unobtainium_vibranium_alloy_block"}}: Unknown item 'allthemodium:unobtainium_vibranium_alloy_block'
[14:25:36] [WARN] Error parsing recipe allthecompressed:compress/vibranium_allthemodium_alloy_block_1x[minecraft:crafting_shaped]: {"type":"minecraft:crafting_shaped","category":"building","key":{},"pattern":["   ","   ","   "],"result":{"item":"allthecompressed:vibranium_allthemodium_alloy_block_1x"},"show_notification":true}: Index 0 out of bounds for length 0
[14:25:36] [WARN] Error parsing recipe allthecompressed:decompress/ancient_stone_1x[minecraft:crafting_shapeless]: {"type":"minecraft:crafting_shapeless","category":"building","ingredients":[{"item":"allthecompressed:ancient_stone_1x"}],"result":{"count":9,"item":"allthemodium:ancient_stone"}}: Unknown item 'allthemodium:ancient_stone'
[14:25:36] [WARN] Error parsing recipe thermal:furnace/allthecompressed/terracotta/4x[thermal:furnace]: {"type":"thermal:furnace","ingredient":{"item":"allthecompressed:clay_block_4x","count":1},"result":{"item":"allthecompressed:terracotta_block_4x"},"energy":960000,"conditions":[{"type":"forge:and","values":[{"type":"forge:not","value":{"type":"forge:mod_loaded","modid":"compressium"}},{"type":"forge:mod_loaded","modid":"thermal"}]}]}: Invalid Thermal Series recipe: thermal:furnace/allthecompressed/terracotta/4x
Refer to the recipe's ResourceLocation to find the mod responsible and let them know!
[14:25:36] [WARN] Error parsing recipe thermal:furnace/allthecompressed/stone/deepslate/7x[thermal:furnace]: {"type":"thermal:furnace","ingredient":{"item":"allthecompressed:cobbled_deepslate_block_7x","count":1},"result":{"item":"allthecompressed:deepslate_block_7x"},"energy":1680000,"conditions":[{"type":"forge:and","values":[{"type":"forge:not","value":{"type":"forge:mod_loaded","modid":"compressium"}},{"type":"forge:mod_loaded","modid":"thermal"}]}]}: Invalid Thermal Series recipe: thermal:furnace/allthecompressed/stone/deepslate/7x
Refer to the recipe's ResourceLocation to find the mod responsible and let them know!
[14:25:36] [WARN] Error parsing recipe allthecompressed:compress/allthemodium_block_1x[minecraft:crafting_shaped]: {"type":"minecraft:crafting_shaped","category":"building","key":{},"pattern":["   ","   ","   "],"result":{"item":"allthecompressed:allthemodium_block_1x"},"show_notification":true}: Index 0 out of bounds for length 0
[14:25:36] [WARN] Error parsing recipe thermal:furnace/allthecompressed/terracotta/9x[thermal:furnace]: {"type":"thermal:furnace","ingredient":{"item":"allthecompressed:clay_block_9x","count":1},"result":{"item":"allthecompressed:terracotta_block_9x"},"energy":2400000,"conditions":[{"type":"forge:and","values":[{"type":"forge:not","value":{"type":"forge:mod_loaded","modid":"compressium"}},{"type":"forge:mod_loaded","modid":"thermal"}]}]}: Invalid Thermal Series recipe: thermal:furnace/allthecompressed/terracotta/9x
Refer to the recipe's ResourceLocation to find the mod responsible and let them know!
[14:25:36] [WARN] Error parsing recipe allthecompressed:compress/conductive_alloy_block_1x[minecraft:crafting_shaped]: {"type":"minecraft:crafting_shaped","category":"building","key":{},"pattern":["   ","   ","   "],"result":{"item":"allthecompressed:conductive_alloy_block_1x"},"show_notification":true}: Index 0 out of bounds for length 0
[14:25:36] [WARN] Error parsing recipe thermal:furnace/allthecompressed/stone/deepslate/8x[thermal:furnace]: {"type":"thermal:furnace","ingredient":{"item":"allthecompressed:cobbled_deepslate_block_8x","count":1},"result":{"item":"allthecompressed:deepslate_block_8x"},"energy":2160000,"conditions":[{"type":"forge:and","values":[{"type":"forge:not","value":{"type":"forge:mod_loaded","modid":"compressium"}},{"type":"forge:mod_loaded","modid":"thermal"}]}]}: Invalid Thermal Series recipe: thermal:furnace/allthecompressed/stone/deepslate/8x
Refer to the recipe's ResourceLocation to find the mod responsible and let them know!
[14:25:36] [WARN] Error parsing recipe allthecompressed:compress/unobtainium_vibranium_alloy_block_1x[minecraft:crafting_shaped]: {"type":"minecraft:crafting_shaped","category":"building","key":{},"pattern":["   ","   ","   "],"result":{"item":"allthecompressed:unobtainium_vibranium_alloy_block_1x"},"show_notification":true}: Index 0 out of bounds for length 0
[14:25:36] [WARN] Error parsing recipe thermal:furnace/allthecompressed/terracotta/7x[thermal:furnace]: {"type":"thermal:furnace","ingredient":{"item":"allthecompressed:clay_block_7x","count":1},"result":{"item":"allthecompressed:terracotta_block_7x"},"energy":1680000,"conditions":[{"type":"forge:and","values":[{"type":"forge:not","value":{"type":"forge:mod_loaded","modid":"compressium"}},{"type":"forge:mod_loaded","modid":"thermal"}]}]}: Invalid Thermal Series recipe: thermal:furnace/allthecompressed/terracotta/7x
Refer to the recipe's ResourceLocation to find the mod responsible and let them know!
[14:25:36] [WARN] Error parsing recipe allthecompressed:compress/copper_alloy_block_1x[minecraft:crafting_shaped]: {"type":"minecraft:crafting_shaped","category":"building","key":{},"pattern":["   ","   ","   "],"result":{"item":"allthecompressed:copper_alloy_block_1x"},"show_notification":true}: Index 0 out of bounds for length 0
[14:25:36] [WARN] Error parsing recipe allthecompressed:compress/pulsating_alloy_block_1x[minecraft:crafting_shaped]: {"type":"minecraft:crafting_shaped","category":"building","key":{},"pattern":["   ","   ","   "],"result":{"item":"allthecompressed:pulsating_alloy_block_1x"},"show_notification":true}: Index 0 out of bounds for length 0
[14:25:36] [WARN] Error parsing recipe thermal:furnace/allthecompressed/terracotta/8x[thermal:furnace]: {"type":"thermal:furnace","ingredient":{"item":"allthecompressed:clay_block_8x","count":1},"result":{"item":"allthecompressed:terracotta_block_8x"},"energy":2160000,"conditions":[{"type":"forge:and","values":[{"type":"forge:not","value":{"type":"forge:mod_loaded","modid":"compressium"}},{"type":"forge:mod_loaded","modid":"thermal"}]}]}: Invalid Thermal Series recipe: thermal:furnace/allthecompressed/terracotta/8x
Refer to the recipe's ResourceLocation to find the mod responsible and let them know!
[14:25:36] [WARN] Error parsing recipe allthecompressed:compress/dark_steel_block_1x[minecraft:crafting_shaped]: {"type":"minecraft:crafting_shaped","category":"building","key":{},"pattern":["   ","   ","   "],"result":{"item":"allthecompressed:dark_steel_block_1x"},"show_notification":true}: Index 0 out of bounds for length 0
[14:25:36] [WARN] Error parsing recipe allthecompressed:decompress/vibranium_allthemodium_alloy_block_1x[minecraft:crafting_shapeless]: {"type":"minecraft:crafting_shapeless","category":"building","ingredients":[{"item":"allthecompressed:vibranium_allthemodium_alloy_block_1x"}],"result":{"count":9,"item":"allthemodium:vibranium_allthemodium_alloy_block"}}: Unknown item 'allthemodium:vibranium_allthemodium_alloy_block'
[14:25:36] [INFO] Added 9 recipes, removed 7 recipes, modified 26 recipes, with 57 failed recipes in 165.2 ms
[14:25:40] [INFO] Server resource reload complete!
